0 info it worked if it ends with ok
1 verbose cli [ '/home/tino/.nvm/versions/node/v7.2.0/bin/node',
1 verbose cli   '/home/tino/.nvm/versions/node/v7.2.0/bin/npm',
1 verbose cli   'run',
1 verbose cli   'test' ]
2 info using npm@3.10.9
3 info using node@v7.2.0
4 verbose run-script [ 'pretest', 'test', 'posttest' ]
5 info lifecycle truck_backer_upper@1.0.0~pretest: truck_backer_upper@1.0.0
6 silly lifecycle truck_backer_upper@1.0.0~pretest: no script for pretest, continuing
7 info lifecycle truck_backer_upper@1.0.0~test: truck_backer_upper@1.0.0
8 verbose lifecycle truck_backer_upper@1.0.0~test: unsafe-perm in lifecycle true
9 verbose lifecycle truck_backer_upper@1.0.0~test: PATH: /home/tino/.nvm/versions/node/v7.2.0/lib/node_modules/npm/bin/node-gyp-bin:/home/tino/Dropbox/development/truck_backer_upper/node_modules/.bin:/home/tino/.nvm/versions/node/v7.2.0/bin:/home/tino/.linuxbrew/bin:/usr/local/heroku/bin:/usr/local/sbin:/usr/local/bin:/usr/sbin:/usr/bin:/sbin:/bin:/usr/games:/usr/local/games
10 verbose lifecycle truck_backer_upper@1.0.0~test: CWD: /home/tino/Dropbox/development/truck_backer_upper
11 silly lifecycle truck_backer_upper@1.0.0~test: Args: [ '-c', 'mocha --recursive build/tests' ]
12 silly lifecycle truck_backer_upper@1.0.0~test: Returned: code: 4  signal: null
13 info lifecycle truck_backer_upper@1.0.0~test: Failed to exec test script
14 verbose stack Error: truck_backer_upper@1.0.0 test: `mocha --recursive build/tests`
14 verbose stack Exit status 4
14 verbose stack     at EventEmitter.<anonymous> (/home/tino/.nvm/versions/node/v7.2.0/lib/node_modules/npm/lib/utils/lifecycle.js:255:16)
14 verbose stack     at emitTwo (events.js:106:13)
14 verbose stack     at EventEmitter.emit (events.js:191:7)
14 verbose stack     at ChildProcess.<anonymous> (/home/tino/.nvm/versions/node/v7.2.0/lib/node_modules/npm/lib/utils/spawn.js:40:14)
14 verbose stack     at emitTwo (events.js:106:13)
14 verbose stack     at ChildProcess.emit (events.js:191:7)
14 verbose stack     at maybeClose (internal/child_process.js:885:16)
14 verbose stack     at Process.ChildProcess._handle.onexit (internal/child_process.js:226:5)
15 verbose pkgid truck_backer_upper@1.0.0
16 verbose cwd /home/tino/Dropbox/development/truck_backer_upper
17 error Linux 4.10.0-35-generic
18 error argv "/home/tino/.nvm/versions/node/v7.2.0/bin/node" "/home/tino/.nvm/versions/node/v7.2.0/bin/npm" "run" "test"
19 error node v7.2.0
20 error npm  v3.10.9
21 error code ELIFECYCLE
22 error truck_backer_upper@1.0.0 test: `mocha --recursive build/tests`
22 error Exit status 4
23 error Failed at the truck_backer_upper@1.0.0 test script 'mocha --recursive build/tests'.
23 error Make sure you have the latest version of node.js and npm installed.
23 error If you do, this is most likely a problem with the truck_backer_upper package,
23 error not with npm itself.
23 error Tell the author that this fails on your system:
23 error     mocha --recursive build/tests
23 error You can get information on how to open an issue for this project with:
23 error     npm bugs truck_backer_upper
23 error Or if that isn't available, you can get their info via:
23 error     npm owner ls truck_backer_upper
23 error There is likely additional logging output above.
24 verbose exit [ 1, true ]
