Using starting lesson: 0
Starting with random weights
Changing optimizer
[Info] Next Lesson: 0 : {"tep1.x":5,"tep1.y":0.5,"tep2.x":5,"tep2.y":-0.5,"minAngleTrailer":-29.999999999999996,"maxAngleTrailer":29.999999999999996,"minAngleCabin":-29.999999999999996,"maxAngleCabin":29.999999999999996}
Optimizer: () => new optimizers_1.SGDNesterovMomentum(0.75, 0.9)
Step 9999 of 10000
[Info][AvgError] Lesson: 0, Step 9999 of 10000; Avg error:  0.00012435078769828172 Y Distance: 0.2639244908336542, Angle: 0.9223755790287214
Changing optimizer
[Info] Next Lesson: 1 : {"tep1.x":5.454545454545454,"tep1.y":0.9090909090909092,"tep2.x":6.363636363636363,"tep2.y":-0.9090909090909092,"minAngleTrailer":-43.63636363636364,"maxAngleTrailer":43.63636363636364,"minAngleCabin":-29.999999999999996,"maxAngleCabin":29.999999999999996}
Optimizer: () => new optimizers_1.SGDNesterovMomentum(0.75, 0.9)
Step 9999 of 10000
[Info][AvgError] Lesson: 1, Step 9999 of 10000; Avg error:  0.00016502652087228517 Y Distance: 0.36982696824719674, Angle: 1.363539251313391
Changing optimizer
[Info] Next Lesson: 2 : {"tep1.x":5.909090909090909,"tep1.y":1.3181818181818183,"tep2.x":7.727272727272727,"tep2.y":-1.3181818181818183,"minAngleTrailer":-57.27272727272727,"maxAngleTrailer":57.27272727272727,"minAngleCabin":-29.999999999999996,"maxAngleCabin":29.999999999999996}
Optimizer: () => new optimizers_1.SGDNesterovMomentum(0.75, 0.9)
Step 9999 of 10000
[Info][AvgError] Lesson: 2, Step 9999 of 10000; Avg error:  0.0005246180446972971 Y Distance: 0.4426759364175192, Angle: 3.044487119528971
Changing optimizer
[Info] Next Lesson: 3 : {"tep1.x":6.363636363636363,"tep1.y":1.7272727272727273,"tep2.x":9.09090909090909,"tep2.y":-1.7272727272727273,"minAngleTrailer":-70.9090909090909,"maxAngleTrailer":70.9090909090909,"minAngleCabin":-29.999999999999996,"maxAngleCabin":29.999999999999996}
Optimizer: () => new optimizers_1.SGDNesterovMomentum(0.75, 0.9)
Step 9999 of 10000
[Info][AvgError] Lesson: 3, Step 9999 of 10000; Avg error:  0.0017417857460321588 Y Distance: 0.42351004158646754, Angle: 6.397385701655177
Changing optimizer
[Info] Next Lesson: 4 : {"tep1.x":6.818181818181818,"tep1.y":2.1363636363636362,"tep2.x":10.454545454545453,"tep2.y":-2.1363636363636362,"minAngleTrailer":-84.54545454545453,"maxAngleTrailer":84.54545454545453,"minAngleCabin":-29.999999999999996,"maxAngleCabin":29.999999999999996}
Optimizer: () => new optimizers_1.SGDNesterovMomentum(0.75, 0.9)
Step 9999 of 10000
[Info][AvgError] Lesson: 4, Step 9999 of 10000; Avg error:  0.004138751152273163 Y Distance: 0.4261858591035428, Angle: 10.58640819756559
Changing optimizer
[Info] Next Lesson: 5 : {"tep1.x":7.272727272727273,"tep1.y":2.545454545454545,"tep2.x":11.818181818181817,"tep2.y":-2.545454545454545,"minAngleTrailer":-98.18181818181817,"maxAngleTrailer":98.18181818181817,"minAngleCabin":-29.999999999999996,"maxAngleCabin":29.999999999999996}
Optimizer: () => new optimizers_1.SGDNesterovMomentum(0.75, 0.9)
Step 9999 of 10000
[Info][AvgError] Lesson: 5, Step 9999 of 10000; Avg error:  0.005588579162887215 Y Distance: 0.46653256604578414, Angle: 12.545301303246672
Changing optimizer
[Info] Next Lesson: 6 : {"tep1.x":7.727272727272727,"tep1.y":2.9545454545454546,"tep2.x":13.181818181818182,"tep2.y":-2.9545454545454546,"minAngleTrailer":-111.81818181818181,"maxAngleTrailer":111.81818181818181,"minAngleCabin":-29.999999999999996,"maxAngleCabin":29.999999999999996}
Optimizer: () => new optimizers_1.SGDNesterovMomentum(0.75, 0.9)
[Max Steps] Reached max steps at (-0.9183930544446476, -0.2085980997396745, -1.8749662180195654) with 55.27272727272727
[Max Steps] Reached max steps at (-0.5297155603620574, 0.2977315570338559, -1.8826647948534971) with 55.27272727272727
Step 9999 of 10000
[Info][AvgError] Lesson: 6, Step 9999 of 10000; Avg error:  0.012523401310601198 Y Distance: 0.6803332694655324, Angle: 17.411236032475
Changing optimizer
[Info] Next Lesson: 7 : {"tep1.x":8.181818181818182,"tep1.y":3.3636363636363638,"tep2.x":14.545454545454547,"tep2.y":-3.3636363636363638,"minAngleTrailer":-125.45454545454545,"maxAngleTrailer":125.45454545454545,"minAngleCabin":-29.999999999999996,"maxAngleCabin":29.999999999999996}
Optimizer: () => new optimizers_1.SGDNesterovMomentum(0.75, 0.9)
[Max Steps] Reached max steps at (-0.8061479309313073, -0.18331384229497835, -1.852796022442392) with 55.81818181818182
[Max Steps] Reached max steps at (-0.9079087446397898, 0.0706582779632658, 0.17219985923283804) with 55.81818181818182
[Max Steps] Reached max steps at (0.1725688407025639, 0.12106092264285563, -1.6682915204246729) with 55.81818181818182
[Max Steps] Reached max steps at (-0.5423152963525747, -0.1451614046616515, -1.8140968991355695) with 55.81818181818182
[Max Steps] Reached max steps at (-0.32632387356519077, 0.34554333658944303, 0.19592101046346508) with 55.81818181818182
Step 9999 of 10000
[Info][AvgError] Lesson: 7, Step 9999 of 10000; Avg error:  0.018909007833197527 Y Distance: 0.862921643058137, Angle: 18.166126822458818
Changing optimizer
[Info] Next Lesson: 8 : {"tep1.x":8.636363636363637,"tep1.y":3.7727272727272725,"tep2.x":15.909090909090908,"tep2.y":-3.7727272727272725,"minAngleTrailer":-139.0909090909091,"maxAngleTrailer":139.0909090909091,"minAngleCabin":-29.999999999999996,"maxAngleCabin":29.999999999999996}
Optimizer: () => new optimizers_1.SGDNesterovMomentum(0.75, 0.9)
Step 9999 of 10000
[Info][AvgError] Lesson: 8, Step 9999 of 10000; Avg error:  0.001499085489063471 Y Distance: 0.2921047247568903, Angle: 6.154133689247901
Changing optimizer
[Info] Next Lesson: 9 : {"tep1.x":9.090909090909092,"tep1.y":4.181818181818182,"tep2.x":17.272727272727273,"tep2.y":-4.181818181818182,"minAngleTrailer":-152.72727272727272,"maxAngleTrailer":152.72727272727272,"minAngleCabin":-29.999999999999996,"maxAngleCabin":29.999999999999996}
Optimizer: () => new optimizers_1.SGDNesterovMomentum(0.1, 0.9)
Step 9999 of 10000
[Info][AvgError] Lesson: 9, Step 9999 of 10000; Avg error:  0.0018476729675362096 Y Distance: 0.27810584768509816, Angle: 7.4262184198684364
Changing optimizer
[Info] Next Lesson: 10 : {"tep1.x":9.545454545454547,"tep1.y":4.590909090909091,"tep2.x":18.636363636363637,"tep2.y":-4.590909090909091,"minAngleTrailer":-166.36363636363635,"maxAngleTrailer":166.36363636363635,"minAngleCabin":-29.999999999999996,"maxAngleCabin":29.999999999999996}
Optimizer: () => new optimizers_1.SGDNesterovMomentum(0.1, 0.9)
Step 9999 of 10000
[Info][AvgError] Lesson: 10, Step 9999 of 10000; Avg error:  0.0021924413415885372 Y Distance: 0.3153648213957959, Angle: 8.172564785808994
Changing optimizer
[Info] Next Lesson: 11 : {"tep1.x":10,"tep1.y":5,"tep2.x":20,"tep2.y":-5,"minAngleTrailer":-180,"maxAngleTrailer":180,"minAngleCabin":-29.999999999999996,"maxAngleCabin":29.999999999999996}
Optimizer: () => new optimizers_1.SGDNesterovMomentum(0.1, 0.9)
Step 9999 of 10000
[Info][AvgError] Lesson: 11, Step 9999 of 10000; Avg error:  0.0029726989290016093 Y Distance: 0.3859668121288134, Angle: 9.616128541380496
